This file contains any messages produced by compilers while
running configure, to aid debugging if configure makes a mistake.

It was created by FastJet configure 3.0.6, which was
generated by GNU Autoconf 2.63.  Invocation command line was

  $ ./configure --prefix=/home/jcgoodru/../fastjet-install

## --------- ##
## Platform. ##
## --------- ##

hostname = jcgoodru
uname -m = i686
uname -r = 3.13.0-24-generic
uname -s = Linux
uname -v = #47-Ubuntu SMP Fri May 2 23:31:42 UTC 2014

/usr/bin/uname -p = unknown
/bin/uname -X     = unknown

/bin/arch              = unknown
/usr/bin/arch -k       = unknown
/usr/convex/getsysinfo = unknown
/usr/bin/hostinfo      = unknown
/bin/machine           = unknown
/usr/bin/oslevel       = unknown
/bin/universe          = unknown

PATH: /usr/local/sbin
PATH: /usr/local/bin
PATH: /usr/sbin
PATH: /usr/bin
PATH: /sbin
PATH: /bin
PATH: /usr/games
PATH: /usr/local/games


## ----------- ##
## Core tests. ##
## ----------- ##

configure:2177: checking for a BSD-compatible install
configure:2245: result: /usr/bin/install -c
configure:2256: checking whether build environment is sane
configure:2316: result: yes
configure:2457: checking for a thread-safe mkdir -p
configure:2496: result: /bin/mkdir -p
configure:2509: checking for gawk
configure:2539: result: no
configure:2509: checking for mawk
configure:2525: found /usr/bin/mawk
configure:2536: result: mawk
configure:2547: checking whether make sets $(MAKE)
configure:2569: result: yes
configure:2646: checking how to create a ustar tar archive
configure:2659: tar --version
tar (GNU tar) 1.27.1
Copyright (C) 2013 Free Software Foundation, Inc.
License GPLv3+: GNU GPL version 3 or later <http://gnu.org/licenses/gpl.html>.
This is free software: you are free to change and redistribute it.
There is NO WARRANTY, to the extent permitted by law.

Written by John Gilmore and Jay Fenlason.
configure:2662: $? = 0
configure:2702: tardir=conftest.dir && eval tar --format=ustar -chf - "$tardir" >conftest.tar
configure:2705: $? = 0
configure:2709: tar -xf - <conftest.tar
configure:2712: $? = 0
configure:2725: result: gnutar
configure:2759: checking for style of include used by make
configure:2787: result: GNU
configure:2857: checking for gcc
configure:2873: found /usr/bin/gcc
configure:2884: result: gcc
configure:3116: checking for C compiler version
configure:3124: gcc --version >&5
gcc (Ubuntu 4.8.2-19ubuntu1) 4.8.2
Copyright (C) 2013 Free Software Foundation, Inc.
This is free software; see the source for copying conditions.  There is NO
warranty; not even for MERCHANTABILITY or FITNESS FOR A PARTICULAR PURPOSE.

configure:3128: $? = 0
configure:3135: gcc -v >&5
Using built-in specs.
COLLECT_GCC=gcc
COLLECT_LTO_WRAPPER=/usr/lib/gcc/i686-linux-gnu/4.8/lto-wrapper
Target: i686-linux-gnu
Configured with: ../src/configure -v --with-pkgversion='Ubuntu 4.8.2-19ubuntu1' --with-bugurl=file:///usr/share/doc/gcc-4.8/README.Bugs --enable-languages=c,c++,java,go,d,fortran,objc,obj-c++ --prefix=/usr --program-suffix=-4.8 --enable-shared --enable-linker-build-id --libexecdir=/usr/lib --without-included-gettext --enable-threads=posix --with-gxx-include-dir=/usr/include/c++/4.8 --libdir=/usr/lib --enable-nls --with-sysroot=/ --enable-clocale=gnu --enable-libstdcxx-debug --enable-libstdcxx-time=yes --enable-gnu-unique-object --disable-libmudflap --enable-plugin --with-system-zlib --disable-browser-plugin --enable-java-awt=gtk --enable-gtk-cairo --with-java-home=/usr/lib/jvm/java-1.5.0-gcj-4.8-i386/jre --enable-java-home --with-jvm-root-dir=/usr/lib/jvm/java-1.5.0-gcj-4.8-i386 --with-jvm-jar-dir=/usr/lib/jvm-exports/java-1.5.0-gcj-4.8-i386 --with-arch-directory=i386 --with-ecj-jar=/usr/share/java/eclipse-ecj.jar --enable-objc-gc --enable-targets=all --enable-multiarch --disable-werror --with-arch-32=i686 --with-multilib-list=m32,m64,mx32 --with-tune=generic --enable-checking=release --build=i686-linux-gnu --host=i686-linux-gnu --target=i686-linux-gnu
Thread model: posix
gcc version 4.8.2 (Ubuntu 4.8.2-19ubuntu1) 
configure:3139: $? = 0
configure:3146: gcc -V >&5
gcc: error: unrecognized command line option '-V'
gcc: fatal error: no input files
compilation terminated.
configure:3150: $? = 4
configure:3173: checking for C compiler default output file name
configure:3195: gcc    conftest.c  >&5
configure:3199: $? = 0
configure:3237: result: a.out
configure:3256: checking whether the C compiler works
configure:3266: ./a.out
configure:3270: $? = 0
configure:3289: result: yes
configure:3296: checking whether we are cross compiling
configure:3298: result: no
configure:3301: checking for suffix of executables
configure:3308: gcc -o conftest    conftest.c  >&5
configure:3312: $? = 0
configure:3338: result: 
configure:3344: checking for suffix of object files
configure:3370: gcc -c   conftest.c >&5
configure:3374: $? = 0
configure:3399: result: o
configure:3403: checking whether we are using the GNU C compiler
configure:3432: gcc -c   conftest.c >&5
configure:3439: $? = 0
configure:3456: result: yes
configure:3465: checking whether gcc accepts -g
configure:3495: gcc -c -g  conftest.c >&5
configure:3502: $? = 0
configure:3603: result: yes
configure:3620: checking for gcc option to accept ISO C89
configure:3694: gcc  -c -g -O2  conftest.c >&5
configure:3701: $? = 0
configure:3724: result: none needed
configure:3744: checking dependency style of gcc
configure:3854: result: gcc3
configure:3875: checking how to run the C preprocessor
configure:3915: gcc -E  conftest.c
configure:3922: $? = 0
configure:3953: gcc -E  conftest.c
conftest.c:10:28: fatal error: ac_nonexistent.h: No such file or directory
 #include <ac_nonexistent.h>
                            ^
compilation terminated.
configure:3960: $? = 1
configure: failed program was:
| /* confdefs.h.  */
| #define PACKAGE_NAME "FastJet"
| #define PACKAGE_TARNAME "fastjet"
| #define PACKAGE_VERSION "3.0.6"
| #define PACKAGE_STRING "FastJet 3.0.6"
| #define PACKAGE_BUGREPORT ""
| #define PACKAGE "fastjet"
| #define VERSION "3.0.6"
| /* end confdefs.h.  */
| #include <ac_nonexistent.h>
configure:3993: result: gcc -E
configure:4022: gcc -E  conftest.c
configure:4029: $? = 0
configure:4060: gcc -E  conftest.c
conftest.c:10:28: fatal error: ac_nonexistent.h: No such file or directory
 #include <ac_nonexistent.h>
                            ^
compilation terminated.
configure:4067: $? = 1
configure: failed program was:
| /* confdefs.h.  */
| #define PACKAGE_NAME "FastJet"
| #define PACKAGE_TARNAME "fastjet"
| #define PACKAGE_VERSION "3.0.6"
| #define PACKAGE_STRING "FastJet 3.0.6"
| #define PACKAGE_BUGREPORT ""
| #define PACKAGE "fastjet"
| #define VERSION "3.0.6"
| /* end confdefs.h.  */
| #include <ac_nonexistent.h>
configure:4107: checking for grep that handles long lines and -e
configure:4167: result: /bin/grep
configure:4172: checking for egrep
configure:4236: result: /bin/grep -E
configure:4241: checking for ANSI C header files
configure:4271: gcc -c -g -O2  conftest.c >&5
configure:4278: $? = 0
configure:4377: gcc -o conftest -g -O2   conftest.c  >&5
configure:4381: $? = 0
configure:4387: ./conftest
configure:4391: $? = 0
configure:4409: result: yes
configure:4433: checking for sys/types.h
configure:4454: gcc -c -g -O2  conftest.c >&5
configure:4461: $? = 0
configure:4478: result: yes
configure:4433: checking for sys/stat.h
configure:4454: gcc -c -g -O2  conftest.c >&5
configure:4461: $? = 0
configure:4478: result: yes
configure:4433: checking for stdlib.h
configure:4454: gcc -c -g -O2  conftest.c >&5
configure:4461: $? = 0
configure:4478: result: yes
configure:4433: checking for string.h
configure:4454: gcc -c -g -O2  conftest.c >&5
configure:4461: $? = 0
configure:4478: result: yes
configure:4433: checking for memory.h
configure:4454: gcc -c -g -O2  conftest.c >&5
configure:4461: $? = 0
configure:4478: result: yes
configure:4433: checking for strings.h
configure:4454: gcc -c -g -O2  conftest.c >&5
configure:4461: $? = 0
configure:4478: result: yes
configure:4433: checking for inttypes.h
configure:4454: gcc -c -g -O2  conftest.c >&5
configure:4461: $? = 0
configure:4478: result: yes
configure:4433: checking for stdint.h
configure:4454: gcc -c -g -O2  conftest.c >&5
configure:4461: $? = 0
configure:4478: result: yes
configure:4433: checking for unistd.h
configure:4454: gcc -c -g -O2  conftest.c >&5
configure:4461: $? = 0
configure:4478: result: yes
configure:4492: checking for int
configure:4520: gcc -c -g -O2  conftest.c >&5
configure:4527: $? = 0
configure:4554: gcc -c -g -O2  conftest.c >&5
conftest.c: In function 'main':
conftest.c:56:18: error: expected expression before ')' token
 if (sizeof ((int)))
                  ^
configure:4561: $? = 1
configure: failed program was:
| /* confdefs.h.  */
| #define PACKAGE_NAME "FastJet"
| #define PACKAGE_TARNAME "fastjet"
| #define PACKAGE_VERSION "3.0.6"
| #define PACKAGE_STRING "FastJet 3.0.6"
| #define PACKAGE_BUGREPORT ""
| #define PACKAGE "fastjet"
| #define VERSION "3.0.6"
| #define STDC_HEADERS 1
| #define HAVE_SYS_TYPES_H 1
| #define HAVE_SYS_STAT_H 1
| #define HAVE_STDLIB_H 1
| #define HAVE_STRING_H 1
| #define HAVE_MEMORY_H 1
| #define HAVE_STRINGS_H 1
| #define HAVE_INTTYPES_H 1
| #define HAVE_STDINT_H 1
| #define HAVE_UNISTD_H 1
| /* end confdefs.h.  */
| #include <stdio.h>
| #ifdef HAVE_SYS_TYPES_H
| # include <sys/types.h>
| #endif
| #ifdef HAVE_SYS_STAT_H
| # include <sys/stat.h>
| #endif
| #ifdef STDC_HEADERS
| # include <stdlib.h>
| # include <stddef.h>
| #else
| # ifdef HAVE_STDLIB_H
| #  include <stdlib.h>
| # endif
| #endif
| #ifdef HAVE_STRING_H
| # if !defined STDC_HEADERS && defined HAVE_MEMORY_H
| #  include <memory.h>
| # endif
| # include <string.h>
| #endif
| #ifdef HAVE_STRINGS_H
| # include <strings.h>
| #endif
| #ifdef HAVE_INTTYPES_H
| # include <inttypes.h>
| #endif
| #ifdef HAVE_STDINT_H
| # include <stdint.h>
| #endif
| #ifdef HAVE_UNISTD_H
| # include <unistd.h>
| #endif
| int
| main ()
| {
| if (sizeof ((int)))
| 	  return 0;
|   ;
|   return 0;
| }
configure:4584: result: yes
configure:4587: checking for long
configure:4615: gcc -c -g -O2  conftest.c >&5
configure:4622: $? = 0
configure:4649: gcc -c -g -O2  conftest.c >&5
conftest.c: In function 'main':
conftest.c:56:19: error: expected expression before ')' token
 if (sizeof ((long)))
                   ^
configure:4656: $? = 1
configure: failed program was:
| /* confdefs.h.  */
| #define PACKAGE_NAME "FastJet"
| #define PACKAGE_TARNAME "fastjet"
| #define PACKAGE_VERSION "3.0.6"
| #define PACKAGE_STRING "FastJet 3.0.6"
| #define PACKAGE_BUGREPORT ""
| #define PACKAGE "fastjet"
| #define VERSION "3.0.6"
| #define STDC_HEADERS 1
| #define HAVE_SYS_TYPES_H 1
| #define HAVE_SYS_STAT_H 1
| #define HAVE_STDLIB_H 1
| #define HAVE_STRING_H 1
| #define HAVE_MEMORY_H 1
| #define HAVE_STRINGS_H 1
| #define HAVE_INTTYPES_H 1
| #define HAVE_STDINT_H 1
| #define HAVE_UNISTD_H 1
| /* end confdefs.h.  */
| #include <stdio.h>
| #ifdef HAVE_SYS_TYPES_H
| # include <sys/types.h>
| #endif
| #ifdef HAVE_SYS_STAT_H
| # include <sys/stat.h>
| #endif
| #ifdef STDC_HEADERS
| # include <stdlib.h>
| # include <stddef.h>
| #else
| # ifdef HAVE_STDLIB_H
| #  include <stdlib.h>
| # endif
| #endif
| #ifdef HAVE_STRING_H
| # if !defined STDC_HEADERS && defined HAVE_MEMORY_H
| #  include <memory.h>
| # endif
| # include <string.h>
| #endif
| #ifdef HAVE_STRINGS_H
| # include <strings.h>
| #endif
| #ifdef HAVE_INTTYPES_H
| # include <inttypes.h>
| #endif
| #ifdef HAVE_STDINT_H
| # include <stdint.h>
| #endif
| #ifdef HAVE_UNISTD_H
| # include <unistd.h>
| #endif
| int
| main ()
| {
| if (sizeof ((long)))
| 	  return 0;
|   ;
|   return 0;
| }
configure:4679: result: yes
configure:4749: checking for g++
configure:4765: found /usr/bin/g++
configure:4776: result: g++
configure:4803: checking for C++ compiler version
configure:4811: g++ --version >&5
g++ (Ubuntu 4.8.2-19ubuntu1) 4.8.2
Copyright (C) 2013 Free Software Foundation, Inc.
This is free software; see the source for copying conditions.  There is NO
warranty; not even for MERCHANTABILITY or FITNESS FOR A PARTICULAR PURPOSE.

configure:4815: $? = 0
configure:4822: g++ -v >&5
Using built-in specs.
COLLECT_GCC=g++
COLLECT_LTO_WRAPPER=/usr/lib/gcc/i686-linux-gnu/4.8/lto-wrapper
Target: i686-linux-gnu
Configured with: ../src/configure -v --with-pkgversion='Ubuntu 4.8.2-19ubuntu1' --with-bugurl=file:///usr/share/doc/gcc-4.8/README.Bugs --enable-languages=c,c++,java,go,d,fortran,objc,obj-c++ --prefix=/usr --program-suffix=-4.8 --enable-shared --enable-linker-build-id --libexecdir=/usr/lib --without-included-gettext --enable-threads=posix --with-gxx-include-dir=/usr/include/c++/4.8 --libdir=/usr/lib --enable-nls --with-sysroot=/ --enable-clocale=gnu --enable-libstdcxx-debug --enable-libstdcxx-time=yes --enable-gnu-unique-object --disable-libmudflap --enable-plugin --with-system-zlib --disable-browser-plugin --enable-java-awt=gtk --enable-gtk-cairo --with-java-home=/usr/lib/jvm/java-1.5.0-gcj-4.8-i386/jre --enable-java-home --with-jvm-root-dir=/usr/lib/jvm/java-1.5.0-gcj-4.8-i386 --with-jvm-jar-dir=/usr/lib/jvm-exports/java-1.5.0-gcj-4.8-i386 --with-arch-directory=i386 --with-ecj-jar=/usr/share/java/eclipse-ecj.jar --enable-objc-gc --enable-targets=all --enable-multiarch --disable-werror --with-arch-32=i686 --with-multilib-list=m32,m64,mx32 --with-tune=generic --enable-checking=release --build=i686-linux-gnu --host=i686-linux-gnu --target=i686-linux-gnu
Thread model: posix
gcc version 4.8.2 (Ubuntu 4.8.2-19ubuntu1) 
configure:4826: $? = 0
configure:4833: g++ -V >&5
g++: error: unrecognized command line option '-V'
g++: fatal error: no input files
compilation terminated.
configure:4837: $? = 4
configure:4840: checking whether we are using the GNU C++ compiler
configure:4869: g++ -c -O3 -Wall  conftest.cpp >&5
configure:4876: $? = 0
configure:4893: result: yes
configure:4902: checking whether g++ accepts -g
configure:4932: g++ -c -g  conftest.cpp >&5
configure:4939: $? = 0
configure:5040: result: yes
configure:5065: checking dependency style of g++
configure:5175: result: gcc3
configure:5195: checking for g++
configure:5211: found /usr/bin/g++
configure:5223: result: yes
configure:5251: checking for a BSD-compatible install
configure:5319: result: /usr/bin/install -c
configure:5330: checking whether ln -s works
configure:5334: result: yes
configure:5341: checking for a sed that does not truncate output
configure:5407: result: /bin/sed
configure:5412: checking whether make sets $(MAKE)
configure:5434: result: yes
configure:5446: checking for ANSI C header files
configure:5614: result: yes
configure:5643: checking if g++ supports -Woverloaded-virtual flag
configure:5668: g++ -c -Woverloaded-virtual  conftest.cpp >&5
configure:5675: $? = 0
configure:5696: result: yes
configure:5763: checking execinfo.h usability
configure:5780: gcc -c -g -O2  conftest.c >&5
configure:5787: $? = 0
configure:5801: result: yes
configure:5805: checking execinfo.h presence
configure:5820: gcc -E  conftest.c
configure:5827: $? = 0
configure:5841: result: yes
configure:5869: checking for execinfo.h
configure:5878: result: yes
configure:5895: checking for cos in -lm
configure:5930: gcc -o conftest -g -O2   conftest.c -lm   >&5
conftest.c:29:6: warning: conflicting types for built-in function 'cos' [enabled by default]
 char cos ();
      ^
configure:5937: $? = 0
configure:5958: result: yes
configure:6866: checking if g++ supports -Wl,--enable-new-dtags flag
configure:6890: g++ -o conftest -Werror -Wl,--enable-new-dtags   conftest.cpp -lm  >&5
configure:6897: $? = 0
configure:6923: result: yes
configure:6984: checking whether to build all plugins
configure:7021: result: not set
configure:7025: checking whether to build all CXX plugins
configure:7060: result: not set
configure:7093: checking whether to build plugin SISCone
configure:7133: result: yes
configure:7142: checking whether to build plugin CDFCones
configure:7181: result: yes
configure:7188: checking whether to build plugin PxCone
configure:7227: result: no
configure:7232: checking whether to build plugin D0RunIICone
configure:7271: result: no
configure:7276: checking whether to build plugin NestedDefs
configure:7315: result: yes
configure:7320: checking whether to build plugin TrackJet
configure:7359: result: no
configure:7364: checking whether to build plugin ATLASCone
configure:7403: result: no
configure:7408: checking whether to build plugin CMSIterativeCone
configure:7447: result: no
configure:7452: checking whether to build plugin EECambridge
configure:7491: result: yes
configure:7496: checking whether to build plugin Jade
configure:7535: result: yes
configure:7540: checking whether to build plugin D0RunICone
configure:7579: result: no
configure:7584: checking whether to build plugin GridJet
configure:7623: result: yes
configure:7659: checking build system type
configure:7677: result: i686-pc-linux-gnu
configure:7699: checking host system type
configure:7714: result: i686-pc-linux-gnu
configure:7736: checking for a sed that does not truncate output
configure:7802: result: /bin/sed
configure:7820: checking for fgrep
configure:7884: result: /bin/grep -F
configure:7919: checking for ld used by gcc
configure:7986: result: /usr/bin/ld
configure:7995: checking if the linker (/usr/bin/ld) is GNU ld
configure:8010: result: yes
configure:8022: checking for BSD- or MS-compatible name lister (nm)
configure:8071: result: /usr/bin/nm -B
configure:8189: checking the name lister (/usr/bin/nm -B) interface
configure:8196: gcc -c -g -O2  conftest.c >&5
configure:8199: /usr/bin/nm -B "conftest.o"
configure:8202: output
00000000 B some_variable
configure:8209: result: BSD nm
configure:8213: checking the maximum length of command line arguments
configure:8333: result: 1572864
configure:8350: checking whether the shell understands some XSI constructs
configure:8360: result: yes
configure:8364: checking whether the shell understands "+="
configure:8370: result: yes
configure:8405: checking for /usr/bin/ld option to reload object files
configure:8412: result: -r
configure:8481: checking for objdump
configure:8497: found /usr/bin/objdump
configure:8508: result: objdump
configure:8540: checking how to recognize dependent libraries
configure:8736: result: pass_all
configure:8796: checking for ar
configure:8812: found /usr/bin/ar
configure:8823: result: ar
configure:8901: checking for strip
configure:8917: found /usr/bin/strip
configure:8928: result: strip
configure:9000: checking for ranlib
configure:9016: found /usr/bin/ranlib
configure:9027: result: ranlib
configure:9117: checking command to parse /usr/bin/nm -B output from gcc object
configure:9235: gcc -c -g -O2  conftest.c >&5
configure:9238: $? = 0
configure:9242: /usr/bin/nm -B conftest.o \| sed -n -e 's/^.*[	 ]\([ABCDGIRSTW][ABCDGIRSTW]*\)[	 ][	 ]*\([_A-Za-z][_A-Za-z0-9]*\)$/\1 \2 \2/p' \> conftest.nm
configure:9245: $? = 0
configure:9299: gcc -o conftest -g -O2   conftest.c conftstm.o >&5
configure:9302: $? = 0
configure:9340: result: ok
configure:10205: checking for dlfcn.h
configure:10226: gcc -c -g -O2  conftest.c >&5
configure:10233: $? = 0
configure:10250: result: yes
configure:10377: checking for C++ compiler version
configure:10385: g++ --version >&5
g++ (Ubuntu 4.8.2-19ubuntu1) 4.8.2
Copyright (C) 2013 Free Software Foundation, Inc.
This is free software; see the source for copying conditions.  There is NO
warranty; not even for MERCHANTABILITY or FITNESS FOR A PARTICULAR PURPOSE.

configure:10389: $? = 0
configure:10396: g++ -v >&5
Using built-in specs.
COLLECT_GCC=g++
COLLECT_LTO_WRAPPER=/usr/lib/gcc/i686-linux-gnu/4.8/lto-wrapper
Target: i686-linux-gnu
Configured with: ../src/configure -v --with-pkgversion='Ubuntu 4.8.2-19ubuntu1' --with-bugurl=file:///usr/share/doc/gcc-4.8/README.Bugs --enable-languages=c,c++,java,go,d,fortran,objc,obj-c++ --prefix=/usr --program-suffix=-4.8 --enable-shared --enable-linker-build-id --libexecdir=/usr/lib --without-included-gettext --enable-threads=posix --with-gxx-include-dir=/usr/include/c++/4.8 --libdir=/usr/lib --enable-nls --with-sysroot=/ --enable-clocale=gnu --enable-libstdcxx-debug --enable-libstdcxx-time=yes --enable-gnu-unique-object --disable-libmudflap --enable-plugin --with-system-zlib --disable-browser-plugin --enable-java-awt=gtk --enable-gtk-cairo --with-java-home=/usr/lib/jvm/java-1.5.0-gcj-4.8-i386/jre --enable-java-home --with-jvm-root-dir=/usr/lib/jvm/java-1.5.0-gcj-4.8-i386 --with-jvm-jar-dir=/usr/lib/jvm-exports/java-1.5.0-gcj-4.8-i386 --with-arch-directory=i386 --with-ecj-jar=/usr/share/java/eclipse-ecj.jar --enable-objc-gc --enable-targets=all --enable-multiarch --disable-werror --with-arch-32=i686 --with-multilib-list=m32,m64,mx32 --with-tune=generic --enable-checking=release --build=i686-linux-gnu --host=i686-linux-gnu --target=i686-linux-gnu
Thread model: posix
gcc version 4.8.2 (Ubuntu 4.8.2-19ubuntu1) 
configure:10400: $? = 0
configure:10407: g++ -V >&5
g++: error: unrecognized command line option '-V'
g++: fatal error: no input files
compilation terminated.
configure:10411: $? = 4
configure:10414: checking whether we are using the GNU C++ compiler
configure:10467: result: yes
configure:10476: checking whether g++ accepts -g
configure:10614: result: yes
configure:10639: checking dependency style of g++
configure:10749: result: gcc3
configure:10772: checking how to run the C++ preprocessor
configure:10808: g++ -E  conftest.cpp
configure:10815: $? = 0
configure:10846: g++ -E  conftest.cpp
conftest.cpp:30:28: fatal error: ac_nonexistent.h: No such file or directory
 #include <ac_nonexistent.h>
                            ^
compilation terminated.
configure:10853: $? = 1
configure: failed program was:
| /* confdefs.h.  */
| #define PACKAGE_NAME "FastJet"
| #define PACKAGE_TARNAME "fastjet"
| #define PACKAGE_VERSION "3.0.6"
| #define PACKAGE_STRING "FastJet 3.0.6"
| #define PACKAGE_BUGREPORT ""
| #define PACKAGE "fastjet"
| #define VERSION "3.0.6"
| #define STDC_HEADERS 1
| #define HAVE_SYS_TYPES_H 1
| #define HAVE_SYS_STAT_H 1
| #define HAVE_STDLIB_H 1
| #define HAVE_STRING_H 1
| #define HAVE_MEMORY_H 1
| #define HAVE_STRINGS_H 1
| #define HAVE_INTTYPES_H 1
| #define HAVE_STDINT_H 1
| #define HAVE_UNISTD_H 1
| #define STDC_HEADERS 1
| #define HAVE_EXECINFO_H 1
| #define HAVE_LIBM 1
| #define ENABLE_PLUGIN_SISCONE /**/
| #define ENABLE_PLUGIN_CDFCONES /**/
| #define ENABLE_PLUGIN_NESTEDDEFS /**/
| #define ENABLE_PLUGIN_EECAMBRIDGE /**/
| #define ENABLE_PLUGIN_JADE /**/
| #define ENABLE_PLUGIN_GRIDJET /**/
| #define HAVE_DLFCN_H 1
| /* end confdefs.h.  */
| #include <ac_nonexistent.h>
configure:10886: result: g++ -E
configure:10915: g++ -E  conftest.cpp
configure:10922: $? = 0
configure:10953: g++ -E  conftest.cpp
conftest.cpp:30:28: fatal error: ac_nonexistent.h: No such file or directory
 #include <ac_nonexistent.h>
                            ^
compilation terminated.
configure:10960: $? = 1
configure: failed program was:
| /* confdefs.h.  */
| #define PACKAGE_NAME "FastJet"
| #define PACKAGE_TARNAME "fastjet"
| #define PACKAGE_VERSION "3.0.6"
| #define PACKAGE_STRING "FastJet 3.0.6"
| #define PACKAGE_BUGREPORT ""
| #define PACKAGE "fastjet"
| #define VERSION "3.0.6"
| #define STDC_HEADERS 1
| #define HAVE_SYS_TYPES_H 1
| #define HAVE_SYS_STAT_H 1
| #define HAVE_STDLIB_H 1
| #define HAVE_STRING_H 1
| #define HAVE_MEMORY_H 1
| #define HAVE_STRINGS_H 1
| #define HAVE_INTTYPES_H 1
| #define HAVE_STDINT_H 1
| #define HAVE_UNISTD_H 1
| #define STDC_HEADERS 1
| #define HAVE_EXECINFO_H 1
| #define HAVE_LIBM 1
| #define ENABLE_PLUGIN_SISCONE /**/
| #define ENABLE_PLUGIN_CDFCONES /**/
| #define ENABLE_PLUGIN_NESTEDDEFS /**/
| #define ENABLE_PLUGIN_EECAMBRIDGE /**/
| #define ENABLE_PLUGIN_JADE /**/
| #define ENABLE_PLUGIN_GRIDJET /**/
| #define HAVE_DLFCN_H 1
| /* end confdefs.h.  */
| #include <ac_nonexistent.h>
configure:11143: checking for objdir
configure:11158: result: .libs
configure:11454: checking if gcc supports -fno-rtti -fno-exceptions
configure:11472: gcc -c -g -O2  -fno-rtti -fno-exceptions conftest.c >&5
cc1: warning: command line option '-fno-rtti' is valid for C++/ObjC++ but not for C [enabled by default]
configure:11476: $? = 0
configure:11489: result: no
configure:11509: checking for gcc option to produce PIC
configure:11781: result: -fPIC -DPIC
configure:11793: checking if gcc PIC flag -fPIC -DPIC works
configure:11811: gcc -c -g -O2  -fPIC -DPIC -DPIC conftest.c >&5
configure:11815: $? = 0
configure:11828: result: yes
configure:11852: checking if gcc static flag -static works
configure:11880: result: yes
configure:11895: checking if gcc supports -c -o file.o
configure:11916: gcc -c -g -O2  -o out/conftest2.o conftest.c >&5
configure:11920: $? = 0
configure:11942: result: yes
configure:11950: checking if gcc supports -c -o file.o
configure:11997: result: yes
configure:12030: checking whether the gcc linker (/usr/bin/ld) supports shared libraries
configure:13104: result: yes
configure:13141: checking whether -lc should be explicitly linked in
configure:13146: gcc -c -g -O2  conftest.c >&5
configure:13149: $? = 0
configure:13164: gcc -shared conftest.o  -v -Wl,-soname -Wl,conftest -o conftest 2\>\&1 \| /bin/grep  -lc  \>/dev/null 2\>\&1
configure:13167: $? = 0
configure:13179: result: no
configure:13343: checking dynamic linker characteristics
configure:13786: gcc -o conftest -g -O2   -Wl,-rpath -Wl,/foo conftest.c -lm  >&5
configure:13793: $? = 0
configure:14029: result: GNU/Linux ld.so
configure:14131: checking how to hardcode library paths into programs
configure:14156: result: immediate
configure:14989: checking whether stripping libraries is possible
configure:14994: result: yes
configure:15029: checking if libtool supports shared libraries
configure:15031: result: yes
configure:15034: checking whether to build shared libraries
configure:15055: result: yes
configure:15058: checking whether to build static libraries
configure:15062: result: yes
configure:15212: checking for ld used by g++
configure:15279: result: /usr/bin/ld
configure:15288: checking if the linker (/usr/bin/ld) is GNU ld
configure:15303: result: yes
configure:15358: checking whether the g++ linker (/usr/bin/ld) supports shared libraries
configure:16333: result: yes
configure:16361: g++ -c -O3 -Wall  conftest.cpp >&5
configure:16364: $? = 0
configure:16546: checking for g++ option to produce PIC
configure:16863: result: -fPIC -DPIC
configure:16872: checking if g++ PIC flag -fPIC -DPIC works
configure:16890: g++ -c -O3 -Wall  -fPIC -DPIC -DPIC conftest.cpp >&5
configure:16894: $? = 0
configure:16907: result: yes
configure:16928: checking if g++ static flag -static works
configure:16956: result: yes
configure:16968: checking if g++ supports -c -o file.o
configure:16989: g++ -c -O3 -Wall  -o out/conftest2.o conftest.cpp >&5
configure:16993: $? = 0
configure:17015: result: yes
configure:17020: checking if g++ supports -c -o file.o
configure:17067: result: yes
configure:17097: checking whether the g++ linker (/usr/bin/ld) supports shared libraries
configure:17123: result: yes
configure:17260: checking dynamic linker characteristics
configure:17651: g++ -o conftest -O3 -Wall   -Wl,-rpath -Wl,/foo conftest.cpp -lm  >&5
configure:17658: $? = 0
configure:17894: result: GNU/Linux ld.so
configure:17945: checking how to hardcode library paths into programs
configure:17970: result: immediate
configure:21993: creating ./config.status

## ---------------------- ##
## Running config.status. ##
## ---------------------- ##

This file was extended by FastJet config.status 3.0.6, which was
generated by GNU Autoconf 2.63.  Invocation command line was

  CONFIG_FILES    = 
  CONFIG_HEADERS  = 
  CONFIG_LINKS    = 
  CONFIG_COMMANDS = 
  $ ./config.status 

on jcgoodru

config.status:1200: creating plugins/Makefile
config.status:1200: creating plugins/SISCone/Makefile
config.status:1200: creating plugins/SISCone/fastjet/Makefile
config.status:1200: creating plugins/CDFCones/Makefile
config.status:1200: creating plugins/CDFCones/fastjet/Makefile
config.status:1200: creating plugins/CDFCones/CDFcode/Makefile
config.status:1200: creating plugins/PxCone/Makefile
config.status:1200: creating plugins/PxCone/fastjet/Makefile
config.status:1200: creating plugins/D0RunIICone/Makefile
config.status:1200: creating plugins/D0RunIICone/fastjet/Makefile
config.status:1200: creating plugins/NestedDefs/Makefile
config.status:1200: creating plugins/NestedDefs/fastjet/Makefile
config.status:1200: creating plugins/TrackJet/Makefile
config.status:1200: creating plugins/TrackJet/fastjet/Makefile
config.status:1200: creating plugins/ATLASCone/Makefile
config.status:1200: creating plugins/ATLASCone/fastjet/Makefile
config.status:1200: creating plugins/CMSIterativeCone/Makefile
config.status:1200: creating plugins/CMSIterativeCone/fastjet/Makefile
config.status:1200: creating plugins/EECambridge/Makefile
config.status:1200: creating plugins/EECambridge/fastjet/Makefile
config.status:1200: creating plugins/Jade/Makefile
config.status:1200: creating plugins/Jade/fastjet/Makefile
config.status:1200: creating plugins/D0RunICone/Makefile
config.status:1200: creating plugins/D0RunICone/fastjet/Makefile
config.status:1200: creating plugins/GridJet/Makefile
config.status:1200: creating plugins/GridJet/fastjet/Makefile
config.status:1200: creating tools/Makefile
config.status:1200: creating tools/fastjet/Makefile
config.status:1200: creating tools/fastjet/tools/Makefile
config.status:1200: creating example/Makefile
config.status:1200: creating example/data/Makefile
config.status:1200: creating example/root/Makefile
config.status:1200: creating doc/Makefile
config.status:1200: creating doc/figs/Makefile
config.status:1200: creating fastjet-config
config.status:1200: creating fortran_wrapper/Makefile
config.status:1200: creating Makefile
config.status:1200: creating src/Makefile
config.status:1200: creating include/Makefile
config.status:1200: creating include/fastjet/Makefile
config.status:1200: creating include/fastjet/internal/Makefile
config.status:1200: creating include/fastjet/config_raw.h
config.status:1422: include/fastjet/config_raw.h is unchanged
config.status:1474: executing include/fastjet/config_auto.h commands
config.status:1514: creating include/fastjet/config_auto.h - prefix FASTJET for include/fastjet/config_raw.h defines
config.status:1536: include/fastjet/config_auto.h is unchanged
config.status:1474: executing depfiles commands
config.status:1474: executing libtool commands
configure:24963: === configuring in plugins/SISCone/siscone (/home/jcgoodru/Desktop/fastjet/fjparallel/fastjet-3.0.6/plugins/SISCone/siscone)
configure:25066: running /bin/bash ./configure --disable-option-checking '--prefix=/home/jcgoodru/../fastjet-install'  --cache-file=/dev/null --srcdir=.

## ---------------- ##
## Cache variables. ##
## ---------------- ##

ac_cv_build=i686-pc-linux-gnu
ac_cv_c_compiler_gnu=yes
ac_cv_cxx_compiler_gnu=yes
ac_cv_env_CCC_set=
ac_cv_env_CCC_value=
ac_cv_env_CC_set=
ac_cv_env_CC_value=
ac_cv_env_CFLAGS_set=
ac_cv_env_CFLAGS_value=
ac_cv_env_CPPFLAGS_set=
ac_cv_env_CPPFLAGS_value=
ac_cv_env_CPP_set=
ac_cv_env_CPP_value=
ac_cv_env_CXXCPP_set=
ac_cv_env_CXXCPP_value=
ac_cv_env_CXXFLAGS_set=
ac_cv_env_CXXFLAGS_value=
ac_cv_env_CXX_set=
ac_cv_env_CXX_value=
ac_cv_env_FCFLAGS_set=
ac_cv_env_FCFLAGS_value=
ac_cv_env_FC_set=
ac_cv_env_FC_value=
ac_cv_env_LDFLAGS_set=
ac_cv_env_LDFLAGS_value=
ac_cv_env_LIBS_set=
ac_cv_env_LIBS_value=
ac_cv_env_build_alias_set=
ac_cv_env_build_alias_value=
ac_cv_env_host_alias_set=
ac_cv_env_host_alias_value=
ac_cv_env_target_alias_set=
ac_cv_env_target_alias_value=
ac_cv_header_dlfcn_h=yes
ac_cv_header_execinfo_h=yes
ac_cv_header_inttypes_h=yes
ac_cv_header_memory_h=yes
ac_cv_header_stdc=yes
ac_cv_header_stdint_h=yes
ac_cv_header_stdlib_h=yes
ac_cv_header_string_h=yes
ac_cv_header_strings_h=yes
ac_cv_header_sys_stat_h=yes
ac_cv_header_sys_types_h=yes
ac_cv_header_unistd_h=yes
ac_cv_host=i686-pc-linux-gnu
ac_cv_lib_m_cos=yes
ac_cv_objext=o
ac_cv_path_EGREP='/bin/grep -E'
ac_cv_path_FGREP='/bin/grep -F'
ac_cv_path_GREP=/bin/grep
ac_cv_path_SED=/bin/sed
ac_cv_path_install='/usr/bin/install -c'
ac_cv_path_mkdir=/bin/mkdir
ac_cv_prog_AWK=mawk
ac_cv_prog_CPP='gcc -E'
ac_cv_prog_CXXCPP='g++ -E'
ac_cv_prog_ac_ct_AR=ar
ac_cv_prog_ac_ct_CC=gcc
ac_cv_prog_ac_ct_CXX=g++
ac_cv_prog_ac_ct_OBJDUMP=objdump
ac_cv_prog_ac_ct_RANLIB=ranlib
ac_cv_prog_ac_ct_STRIP=strip
ac_cv_prog_cc_c89=
ac_cv_prog_cc_g=yes
ac_cv_prog_cxx_found=yes
ac_cv_prog_cxx_g=yes
ac_cv_prog_make_make_set=yes
ac_cv_type_int=yes
ac_cv_type_long=yes
am_cv_CC_dependencies_compiler_type=gcc3
am_cv_CXX_dependencies_compiler_type=gcc3
am_cv_prog_tar_ustar=gnutar
lt_cv_deplibs_check_method=pass_all
lt_cv_file_magic_cmd='$MAGIC_CMD'
lt_cv_file_magic_test_file=
lt_cv_ld_reload_flag=-r
lt_cv_nm_interface='BSD nm'
lt_cv_objdir=.libs
lt_cv_path_LD=/usr/bin/ld
lt_cv_path_LDCXX=/usr/bin/ld
lt_cv_path_NM='/usr/bin/nm -B'
lt_cv_prog_compiler_c_o=yes
lt_cv_prog_compiler_c_o_CXX=yes
lt_cv_prog_compiler_pic_works=yes
lt_cv_prog_compiler_pic_works_CXX=yes
lt_cv_prog_compiler_rtti_exceptions=no
lt_cv_prog_compiler_static_works=yes
lt_cv_prog_compiler_static_works_CXX=yes
lt_cv_prog_gnu_ld=yes
lt_cv_prog_gnu_ldcxx=yes
lt_cv_sys_global_symbol_pipe='sed -n -e '\''s/^.*[	 ]\([ABCDGIRSTW][ABCDGIRSTW]*\)[	 ][	 ]*\([_A-Za-z][_A-Za-z0-9]*\)$/\1 \2 \2/p'\'''
lt_cv_sys_global_symbol_to_c_name_address='sed -n -e '\''s/^: \([^ ]*\) $/  {\"\1\", (void *) 0},/p'\'' -e '\''s/^[ABCDGIRSTW]* \([^ ]*\) \([^ ]*\)$/  {"\2", (void *) \&\2},/p'\'''
lt_cv_sys_global_symbol_to_c_name_address_lib_prefix='sed -n -e '\''s/^: \([^ ]*\) $/  {\"\1\", (void *) 0},/p'\'' -e '\''s/^[ABCDGIRSTW]* \([^ ]*\) \(lib[^ ]*\)$/  {"\2", (void *) \&\2},/p'\'' -e '\''s/^[ABCDGIRSTW]* \([^ ]*\) \([^ ]*\)$/  {"lib\2", (void *) \&\2},/p'\'''
lt_cv_sys_global_symbol_to_cdecl='sed -n -e '\''s/^T .* \(.*\)$/extern int \1();/p'\'' -e '\''s/^[ABCDGIRSTW]* .* \(.*\)$/extern char \1;/p'\'''
lt_cv_sys_max_cmd_len=1572864

## ----------------- ##
## Output variables. ##
## ----------------- ##

ACLOCAL='${SHELL} /home/jcgoodru/Desktop/fastjet/fjparallel/fastjet-3.0.6/missing --run aclocal-1.11'
AMDEPBACKSLASH='\'
AMDEP_FALSE='#'
AMDEP_TRUE=''
AMTAR='${SHELL} /home/jcgoodru/Desktop/fastjet/fjparallel/fastjet-3.0.6/missing --run tar'
AM_CXXFLAGS='-O3 -Wall  -g  -Woverloaded-virtual  -DDROP_CGAL '
AM_FCFLAGS=''
AM_FFLAGS=''
AR='ar'
AUTOCONF='${SHELL} /home/jcgoodru/Desktop/fastjet/fjparallel/fastjet-3.0.6/missing --run autoconf'
AUTOHEADER='${SHELL} /home/jcgoodru/Desktop/fastjet/fjparallel/fastjet-3.0.6/missing --run autoheader'
AUTOMAKE='${SHELL} /home/jcgoodru/Desktop/fastjet/fjparallel/fastjet-3.0.6/missing --run automake-1.11'
AWK='mawk'
BUILD_PLUGIN_ATLASCONE_FALSE=''
BUILD_PLUGIN_ATLASCONE_TRUE='#'
BUILD_PLUGIN_CDFCONES_FALSE='#'
BUILD_PLUGIN_CDFCONES_TRUE=''
BUILD_PLUGIN_CMSITERATIVECONE_FALSE=''
BUILD_PLUGIN_CMSITERATIVECONE_TRUE='#'
BUILD_PLUGIN_D0RUNICONE_FALSE=''
BUILD_PLUGIN_D0RUNICONE_TRUE='#'
BUILD_PLUGIN_D0RUNIICONE_FALSE=''
BUILD_PLUGIN_D0RUNIICONE_TRUE='#'
BUILD_PLUGIN_EECAMBRIDGE_FALSE='#'
BUILD_PLUGIN_EECAMBRIDGE_TRUE=''
BUILD_PLUGIN_GRIDJET_FALSE='#'
BUILD_PLUGIN_GRIDJET_TRUE=''
BUILD_PLUGIN_JADE_FALSE='#'
BUILD_PLUGIN_JADE_TRUE=''
BUILD_PLUGIN_NESTEDDEFS_FALSE='#'
BUILD_PLUGIN_NESTEDDEFS_TRUE=''
BUILD_PLUGIN_PXCONE_FALSE=''
BUILD_PLUGIN_PXCONE_TRUE='#'
BUILD_PLUGIN_SISCONE_FALSE='#'
BUILD_PLUGIN_SISCONE_TRUE=''
BUILD_PLUGIN_TRACKJET_FALSE=''
BUILD_PLUGIN_TRACKJET_TRUE='#'
CC='gcc'
CCDEPMODE='depmode=gcc3'
CFLAGS='-g -O2'
CGAL_CPPFLAGS=''
CGAL_LIBS=''
CONFIGURE_INVOCATION='./configure  '\''--prefix=/home/jcgoodru/../fastjet-install'\'''
CONFIG_CXXFLAGS=''
CONFIG_LIBS=' -lm '
CONFIG_LIBS_PLUGINS=' -lfastjetplugins  -lsiscone_spherical -lsiscone'
CONFIG_LIBS_PLUGINS_STATIC=' ${installationdir}/lib/libfastjetplugins.a  ${installationdir}/lib/libsiscone.a ${installationdir}/lib/libsiscone_spherical.a'
CONFIG_RUNPATH_FLAGS='-Wl,--enable-new-dtags'
CONFIG_SUMMARY='Configuration summary:\n----------------------\n  Installation directory     /home/jcgoodru/../fastjet-install\n  Shared libraries           yes\n  Static libraries           yes\n  Debug flag                 yes\n  CGAL support               no\n  Plugins: EECambridge       yes\n           Jade              yes\n           NestedDefs        yes\n           SISCone           yes\n           CDFCones          yes\n           D0RunICone        no\n           D0RunIICone       no\n           ATLASCone         no\n           CMSIterativeCone  no\n           PxCone            no\n           TrackJet          no\n           GridJet           yes\n  Monolithic plugins lib     yes\n'
CPP='gcc -E'
CPPFLAGS=''
CXX='g++'
CXXCPP='g++ -E'
CXXDEPMODE='depmode=gcc3'
CXXFLAGS=''
CYGPATH_W='echo'
D0_CXXFLAGS=''
DEFS='-DHAVE_CONFIG_H'
DEPDIR='.deps'
DSYMUTIL=''
DUMPBIN=''
ECHO_C=''
ECHO_N='-n'
ECHO_T=''
EGREP='/bin/grep -E'
EXEEXT=''
F77=''
FC=''
FCFLAGS=''
FCLIBS=''
FFLAGS=''
FGREP='/bin/grep -F'
FLIBS=''
GREP='/bin/grep'
HAS_RUNPATH_SUPPORT='yes'
HAS_SHARED='yes'
INSTALL_DATA='${INSTALL} -m 644'
INSTALL_PROGRAM='${INSTALL}'
INSTALL_SCRIPT='${INSTALL}'
INSTALL_STRIP_PROGRAM='$(install_sh) -c -s'
LD='/usr/bin/ld'
LDFLAGS=''
LIBOBJS=''
LIBS='-lm '
LIBTOOL='$(SHELL) $(top_builddir)/libtool'
LIPO=''
LIST_ALL_PLUGINS=' SISCone CDFCones NestedDefs EECambridge Jade GridJet'
LN_S='ln -s'
LTLIBOBJS=''
MAKEINFO='${SHELL} /home/jcgoodru/Desktop/fastjet/fjparallel/fastjet-3.0.6/missing --run makeinfo'
MKDIR_P='/bin/mkdir -p'
MONOLITHIC_PLUGINS_FALSE='#'
MONOLITHIC_PLUGINS_TRUE=''
NM='/usr/bin/nm -B'
NMEDIT=''
OBJDUMP='objdump'
OBJEXT='o'
OTOOL64=''
OTOOL=''
PACKAGE='fastjet'
PACKAGE_BUGREPORT=''
PACKAGE_NAME='FastJet'
PACKAGE_STRING='FastJet 3.0.6'
PACKAGE_TARNAME='fastjet'
PACKAGE_VERSION='3.0.6'
PATH_SEPARATOR=':'
RANLIB='ranlib'
SED='/bin/sed'
SET_MAKE=''
SHELL='/bin/bash'
STRIP='strip'
VERSION='3.0.6'
ac_ct_CC='gcc'
ac_ct_CXX='g++'
ac_ct_DUMPBIN=''
ac_ct_FC=''
am__EXEEXT_FALSE=''
am__EXEEXT_TRUE='#'
am__fastdepCC_FALSE='#'
am__fastdepCC_TRUE=''
am__fastdepCXX_FALSE='#'
am__fastdepCXX_TRUE=''
am__include='include'
am__isrc=''
am__leading_dot='.'
am__quote=''
am__tar='tar --format=ustar -chf - "$$tardir"'
am__untar='tar -xf -'
bindir='${exec_prefix}/bin'
build='i686-pc-linux-gnu'
build_alias=''
build_cpu='i686'
build_os='linux-gnu'
build_vendor='pc'
cxx_found='yes'
datadir='${datarootdir}'
datarootdir='${prefix}/share'
docdir='${datarootdir}/doc/${PACKAGE_TARNAME}'
dvidir='${docdir}'
exec_prefix='${prefix}'
host='i686-pc-linux-gnu'
host_alias=''
host_cpu='i686'
host_os='linux-gnu'
host_vendor='pc'
htmldir='${docdir}'
includedir='${prefix}/include'
infodir='${datarootdir}/info'
install_sh='${SHELL} /home/jcgoodru/Desktop/fastjet/fjparallel/fastjet-3.0.6/install-sh'
libdir='${exec_prefix}/lib'
libexecdir='${exec_prefix}/libexec'
localedir='${datarootdir}/locale'
localstatedir='${prefix}/var'
lt_ECHO='echo'
mandir='${datarootdir}/man'
mkdir_p='/bin/mkdir -p'
oldincludedir='/usr/include'
pdfdir='${docdir}'
prefix='/home/jcgoodru/../fastjet-install'
program_transform_name='s,x,x,'
psdir='${docdir}'
sbindir='${exec_prefix}/sbin'
sharedstatedir='${prefix}/com'
subdirs=' plugins/SISCone/siscone'
sysconfdir='${prefix}/etc'
target_alias=''

## ----------- ##
## confdefs.h. ##
## ----------- ##

#define PACKAGE_NAME "FastJet"
#define PACKAGE_TARNAME "fastjet"
#define PACKAGE_VERSION "3.0.6"
#define PACKAGE_STRING "FastJet 3.0.6"
#define PACKAGE_BUGREPORT ""
#define PACKAGE "fastjet"
#define VERSION "3.0.6"
#define STDC_HEADERS 1
#define HAVE_SYS_TYPES_H 1
#define HAVE_SYS_STAT_H 1
#define HAVE_STDLIB_H 1
#define HAVE_STRING_H 1
#define HAVE_MEMORY_H 1
#define HAVE_STRINGS_H 1
#define HAVE_INTTYPES_H 1
#define HAVE_STDINT_H 1
#define HAVE_UNISTD_H 1
#define STDC_HEADERS 1
#define HAVE_EXECINFO_H 1
#define HAVE_LIBM 1
#define ENABLE_PLUGIN_SISCONE /**/
#define ENABLE_PLUGIN_CDFCONES /**/
#define ENABLE_PLUGIN_NESTEDDEFS /**/
#define ENABLE_PLUGIN_EECAMBRIDGE /**/
#define ENABLE_PLUGIN_JADE /**/
#define ENABLE_PLUGIN_GRIDJET /**/
#define HAVE_DLFCN_H 1
#define LT_OBJDIR ".libs/"

configure: exit 0
